<?xml version="1.0" encoding="UTF-8"?>
<!-- Generated by org.testng.reporters.JUnitXMLReporter -->
<testsuite ignored="2" hostname="PuRnEnDu" failures="0" tests="2" name="TestRunner-1" time="99.762" errors="0" timestamp="2021-12-27T13:37:14 IST">
  <testcase classname="com.crm.autodesk.organizationtest.CreateOrganizationWithIndusteryAndType" name="createOrgWithIndustryAndTypeTest" time="26.483"/>
  <testcase classname="com.crm.autodesk.contactest.CreateContactWithOrganizaion" name="CreateContactWithOrgTest" time="43.181"/>
  <testcase classname="com.crm.autodesk.genericUtility.BaseClass" name="@BeforeSuite dbConnection" time="0.0">
    <ignored/>
  </testcase> <!-- @BeforeSuite dbConnection -->
  <testcase classname="com.crm.autodesk.genericUtility.BaseClass" name="@AfterSuite closeDBconnection" time="0.0">
    <ignored/>
  </testcase> <!-- @AfterSuite closeDBconnection -->
</testsuite> <!-- TestRunner-1 -->
