<?xml version="1.0" encoding="UTF-8"?>
<!-- Generated by org.testng.reporters.JUnitXMLReporter -->
<testsuite ignored="1" hostname="PuRnEnDu" failures="0" tests="1" name="Test" time="30.149" errors="0" timestamp="2021-12-27T15:05:57 IST">
  <testcase classname="com.crm.autodesk.organizationtest.CreateOrganization" name="createOrgDemoTest" time="0.012"/>
  <testcase classname="com.crm.autodesk.organizationtest.CreateOrganization" name="createOrgTest" time="0.0">
    <ignored/>
  </testcase> <!-- createOrgTest -->
</testsuite> <!-- Test -->
