<?xml version="1.0" encoding="UTF-8"?>
<!-- Generated by org.testng.reporters.JUnitXMLReporter -->
<testsuite ignored="2" hostname="PuRnEnDu" failures="0" tests="3" name="TestRunner-2" time="89.993" errors="0" timestamp="2021-12-27T13:37:04 IST">
  <testcase classname="com.crm.autodesk.organizationtest.CreateOrganization" name="createOrgDemoTest" time="0.002"/>
  <testcase classname="com.crm.autodesk.organizationtest.CreateOrganization" name="createOrgTest" time="22.355"/>
  <testcase classname="com.crm.autodesk.contactest.CreateContact" name="createContactTest" time="21.716"/>
  <testcase classname="com.crm.autodesk.genericUtility.BaseClass" name="@BeforeSuite dbConnection" time="0.0">
    <ignored/>
  </testcase> <!-- @BeforeSuite dbConnection -->
  <testcase classname="com.crm.autodesk.genericUtility.BaseClass" name="@AfterSuite closeDBconnection" time="0.0">
    <ignored/>
  </testcase> <!-- @AfterSuite closeDBconnection -->
</testsuite> <!-- TestRunner-2 -->
