<?xml version="1.0" encoding="UTF-8"?>
<testng-results ignored="0" total="1" passed="1" failed="0" skipped="0">
  <reporter-output>
  </reporter-output>
  <suite started-at="2021-12-29T14:43:23 IST" name="Default suite" finished-at="2021-12-29T14:44:14 IST" duration-ms="51481">
    <groups>
      <group name="regressionSuite">
        <method signature="CreateContactWithOrganizaion.CreateContactWithOrgTest()[pri:0, instance:com.crm.autodesk.contactest.CreateContactWithOrganizaion@483f6d77]" name="CreateContactWithOrgTest" class="com.crm.autodesk.contactest.CreateContactWithOrganizaion"/>
      </group> <!-- regressionSuite -->
    </groups>
    <test started-at="2021-12-29T14:43:23 IST" name="Default test" finished-at="2021-12-29T14:44:14 IST" duration-ms="51481">
      <class name="com.crm.autodesk.contactest.CreateContactWithOrganizaion">
        <test-method is-config="true" signature="dbConnection()[pri:0, instance:com.crm.autodesk.contactest.CreateContactWithOrganizaion@483f6d77]" started-at="2021-12-29T14:43:23 IST" name="dbConnection" finished-at="2021-12-29T14:43:23 IST" duration-ms="10" status="PASS">
          <reporter-output>
          </reporter-output>
        </test-method> <!-- dbConnection -->
        <test-method is-config="true" signature="lunchBrowser()[pri:0, instance:com.crm.autodesk.contactest.CreateContactWithOrganizaion@483f6d77]" started-at="2021-12-29T14:43:23 IST" name="lunchBrowser" finished-at="2021-12-29T14:43:28 IST" duration-ms="4960" status="PASS">
          <reporter-output>
          </reporter-output>
        </test-method> <!-- lunchBrowser -->
        <test-method is-config="true" signature="logInToApp()[pri:0, instance:com.crm.autodesk.contactest.CreateContactWithOrganizaion@483f6d77]" started-at="2021-12-29T14:43:28 IST" name="logInToApp" finished-at="2021-12-29T14:43:32 IST" duration-ms="4378" status="PASS">
          <reporter-output>
          </reporter-output>
        </test-method> <!-- logInToApp -->
        <test-method signature="CreateContactWithOrgTest()[pri:0, instance:com.crm.autodesk.contactest.CreateContactWithOrganizaion@483f6d77]" started-at="2021-12-29T14:43:32 IST" name="CreateContactWithOrgTest" finished-at="2021-12-29T14:44:11 IST" duration-ms="39034" status="PASS">
          <reporter-output>
          </reporter-output>
        </test-method> <!-- CreateContactWithOrgTest -->
        <test-method is-config="true" signature="logOutOfApp()[pri:0, instance:com.crm.autodesk.contactest.CreateContactWithOrganizaion@483f6d77]" started-at="2021-12-29T14:44:11 IST" name="logOutOfApp" finished-at="2021-12-29T14:44:14 IST" duration-ms="2708" status="PASS">
          <reporter-output>
          </reporter-output>
        </test-method> <!-- logOutOfApp -->
        <test-method is-config="true" signature="closeBrowser()[pri:0, instance:com.crm.autodesk.contactest.CreateContactWithOrganizaion@483f6d77]" started-at="2021-12-29T14:44:14 IST" name="closeBrowser" finished-at="2021-12-29T14:44:14 IST" duration-ms="345" status="PASS">
          <reporter-output>
          </reporter-output>
        </test-method> <!-- closeBrowser -->
        <test-method is-config="true" signature="closeDBconnection()[pri:0, instance:com.crm.autodesk.contactest.CreateContactWithOrganizaion@483f6d77]" started-at="2021-12-29T14:44:14 IST" name="closeDBconnection" finished-at="2021-12-29T14:44:14 IST" duration-ms="1" status="PASS">
          <reporter-output>
          </reporter-output>
        </test-method> <!-- closeDBconnection -->
      </class> <!-- com.crm.autodesk.contactest.CreateContactWithOrganizaion -->
    </test> <!-- Default test -->
  </suite> <!-- Default suite -->
</testng-results>
